[   .00000] Linux vesin 4.15.0-36-generic (buildd@lgw01am4-031)(gc rson 7.0 (Ubtu 73.-16ubuntu3)) #39-Ubunt SMP Mon ep24 16:19:0UTC 201(Ubuntu 4.15.0-36.39-generic 4.15.18)
[   .00000]ommand ne: OO_IMAG=/oot/vmlinz-.150-6-geri ro=UID=a4278387-5a0-4eb-a72-ae22673af4 ro conslety1 console=ttyS0
[    0.000000] KERNEL pprtedcpus:
[    0.000000]   Intel GenuineIntel
[    0.000000]   AMD AuthenticAMD
[    0.000000]   Centaur CentaurHauls
[    .00000 x86fp: Supporting XSAVE feature 0x001: 'x87 floating point registers'
[    0.000000] x86/fpu: Supporting XSAVE feature 0x002: 'SSE registers'
[    0.000000] x86/fpu: Spporting XAVE feaur 004 'AVX giters'
[   000000]x8/fpu xate_ofse[2]: 57, ste_sizes[2  25
   00000] 6/fpu:Enbledstate feture 07, coext siz i 832ytes uing 'tadaar' ormat.
[    0.000000] e820: BIOS-provided physical RAM map:
[    0.000000] BIOS-e820: [mem 0x0000000000000000-0x000000000009fbff] usable
[    0.000000] BIOS-e820: [mem 0x000000000009fc00-0x000000000009ffff] reserved
[    0.000000] BIOS-e820: [mem 0x00000000000f0000-0x000000000fffff] reserved
[    0.000000] BIOS-e820: [mem 0x0000000000100000-0x000000003ffeffff] usable
[    0.0000] BIOS-e820: [mem 0x000000003fff0000-0x000000003fffffff] ACPI dat
    0.000000] BIOS-e820: [mem 0x00000000fec00000-0x00000000fec0ff] reserd
[  0000000] BIOS-e820: [mem 0x00000000fee0000000x00000ee00ff reserd
[   0000000] BIOS-e820: [mem 0x00000000fffc0000-0x00000000ffffffff] reserved
[    0.000000] NX (Execute Disable) protection: active
[    0.000000] SMBIOS 2.5 present.
[    0.000000] DMI: innotek GmbH VirtualBox/VirtualBox, BIOS VirtualBox 12/01/2006
[    0.000000] Hypervisor detected: KVM
[    0.000000] e820: last_pfn = 0x3fff0 max_arch_pfn = 0x400000000
[    0.000000] MTRR: Disabled
[    0.000000] x86/PAT: MTRRs disabled, skipping PAT initialization too.
[    0.000000] CPU MTRRs all blank - virtualized system.
[    0.000000] x86/PAT: Configuration [0-7]: WB  WT  UC- UC  WB  WT  UC- UC  
[    0.000000] found SMP MP-table at [mem 0x0009fff0-0x0009ffff] mapped at [        (ptrval)]
[    0.000000] Scnning 1 areas for low memory corruption
[    0.000000] RAMDISK: [mem 0x359d5000-0x36ce1fff]
[    0.000000] ACPI: Early table checksum verification disabled
[    0.000000] ACPI: RSDP 0x00000000000E0000 000024 (v02 VBOX  )
[    0.000000] ACPI: XSDT 0x000000003FFF0030 00003C (v01 VBOX   VBOXXSDT 00000001 SL  000006)
[   0.00000 API: AC 0x000003FF00F 000F4 (4 VBOX  VBXFACP 00001 SL 000001)
   0.00000 AI: DSDT 0x0000003FF040 021FFv02 OX  BOBIIOS 000002 INTL 2010528
[   0.00000] ACI:FA 00000003FF000 0000
  0.0000] AC: FA 0x000000003F02000004
[    0.00000]ACPI AIC 00000003F02400005 (02 VBO   VOXPIC 000001 AL 00001)
[   .00000] CP: DT 0x000000003FFF02A0 0001CC (v01 VBOX   VBOXCPUT 00000002 INTL 20100528)
[    0.000000] No NUMA configuration found
[    0.000000] Faking a node at [mem 0x0000000000000000-0x000000ffefff]
[   0.00000NODE_DAA() llcated me 0x3c5000xffeff]
[   000000] kvm-cloc: cu 0, msr 0:3ff44001, prmay u lock
   0.0000] kv-cock: Usig mrs4b564d01 and 4b564d00
[    0.000000] kvm-clock: using sched offset of 5341672907 cycles
[    0.000000]clocksoure: kvm-cloc mask0xfffffffffff macycles: 0x1cd42e4dffbmax_idle_ns: 881590591483 ns
[  0.000] Zone ranges:
[    .00000]   DMA    [me0x0000000001000-x00000000ffff]
[  0.0000   DMA32    [mm x0000001000000-00000003efff]
    000000  ormal   empty
[     0.0000]  evce   empty
    .0000] Movable ne srt fr ach node
[    0.000000] Earlmmemory od range
    000000]  ne   0: [mem 0x00000000000010000-0x00000009ef]
[  0000000  node   0: [mem 0x000000001000-0x0000003efff][    0.0000 Iitmem setup node 0 [mem 0x0000000000100-0x0000003ffeffff]
[    0.000000] Reseved but unavailable: 98 pages
[    0.000000] ACPI: PM-Timer IO Port: 0x4008
[    0.000000] IOAPIC[0]: apic_id 2, version 32, address 0xfec00000, GSI 0-23
[    0.000000] ACPI: INT_SRC_OVR (bus 0 bus_irq 0 global_irq  dfl dfl)
[   0.000000] ACPI: INT_RCOVR(bs 0 bu_iq 9glal_irq 9 low lel)
  0.000000] Using ACPI (MADT) for SMP configuration information
[  0.00000] smpboot: Allowing 2 CPUs, 00 htpg CPUs
[    0.000000 P Regierd nove memry [me 0000000-0x0000ff
[   0.0000] PM: Regstered nosvemeory:mem x009000-x09ffff]
[   000000] M:Regierednoave moy: [em0x000a0000x000fff]
   0.000000] PM: Registered nosave memory: [mem 0x000f0000-0x000fffff]
[    0.000000] e820: [mem 0x40000000-0xfebfffff] available fo PI dece
[   0.00000]ooing arvirtalied krnl on KVM
[    0.000000] clocksource: refined-jiffies: mask: 0xffffffff max_cycles: 0xffffffff, max_idle_ns: 7645519600211568 ns
[    0.000000] random: get_random_bytes called from starkennel0x9/4f wit cng_init0
[  0.0000] suppercpu: N_CUS:92nr_cpumask_bits:2 nr_cpu_ids:2 nr_node_ids:1
[    0.000000] percpu: Embedded 46 pages/cpu @        (ptrval) s151552 r8192 d28672 u1048576
[    0.000000] PV qspinlochah tle etries: 256 (order: 0 496 byt)
[   00000] Buil1 zonelsts, molity ouing o  Tot pges: 257913
[    0.000000] Policy zone: DMA32
[    0.000000] Kernel command line: BOOT_IMAGE=/boot/vmlinuz-4.15.0-36-generic root=UUID=a4278387-5a07-46eb-a726-ae1e22673af4 ro console=tty1 console=ttyS0
[    0.000000] Memory: 983076K/1048120K avilbl (300Kkene cde 242Kwdata4248K rota, 28K init,41K bs, 044K rseved,0Kcma-serv)
[  0.00000] SUB HWig=64,Orer=03,inObecs=0,CPs=2, Node1
[  000000]Kernl/ser ge taes ioltionenbl
    .00000ftrace: allocating 39168 entries in 154 pages
[    0.004000] Hierarchical RCU implementation.
[    0.004000] 	RCU restricting Cs fromNR_PUS=192 o r_cpu_ds2.[   .00400 	TasksRC enabd.
[    004000] CU: Adjusting geometry for ru_anout_lf=16,r_cp_i=2
[    0.004000] NRIRS: 5245, nr_iqs 440preallcaed irqs16
[   0.4000 Cnsol clourVG+ 80x25
[    00000] cosoe [tty1] enabled
[    0.04000] console [ttyS0] enbld
[  0004000 API: rereviio2017081
[  .00400 AC:  ACPAM tables successfully acquiednd loaded
[    0.004000] APIC: Switch to  symmetric I/O mode setup
[    0.004233] x2apic enabled
[    0.008010] Switched APIC routing to physical x2apic.
[    0.012891] ..TIMER: vector=0x30 apic1=0 pin1=2 apc2=-1 pin2=-1
[    0.016007] tsc: Detected 2303.998 MHz processor
[    0.020013] Calibrating delay loop (skipped) preset value.. 4607.99 BogoMIPS (lpj=9215992)
[    0.024011] pid_max: default: 32768 minimum: 301
[    0.028049] Security Framework initialized
[    0.032009] Yama: becoming mindful.
[    0.036043] AppArmor: AppArmor initialized
[    0.042610] Dentry cache hash table entries: 131072 (order: 8, 1048576 bytes)
[    0.044066] Inode-cache hash table entries: 65536 (order: 7, 524288 bytes)
[    0.048031] Mount-cache hash table entries: 2048 (order: 2, 16384 bytes)
[    0.052018] Mountpoint-cache hash table entries: 2048 (order: 2, 16384 bytes)
[    0.056262] mce: CPU supports 0 MCE banks
[    0.060028] Last level iTLB entries: 4KB 64, 2MB 8, 4MB 8
[    0.064008] Last level dTLB entries: 4KB 64, 2MB 0, 4MB 0, 1GB 4
[    0.068009] Spectre V2 : Mitigation: Full generic retpoline
[    0.072007] Spectre V2 : Spectre v2 / SpectreRSB mitigation: Filling RSB on context switch
[    0.076008] Speculative Store Bypass: Vulnerable
[    0.080100] Freeing SMP alternatives memory: 36K
[    0.092000] smpboot: CPU0: Intel(R) Core(TM) i5-7360U CPU @ 2.30GHz (family: 0x6, model: 0x8e, stepping: 0x9)
[    0.092085] Performance Events: unsupported p6 CPU model 142 no PMU driver, software events only.
[    0.096061] Hierarchical SRCU implementation.
[    0.104028] NMI watchdog: Perf event create on CPU 0 failed with -2
[    0.108007] NMI watchdog: Perf NMI watchdog permanently disabled
[    0.109483] smp: Bringing up secondary CPUs ...
[    0.110638] x86: Booting SMP configuration:
[    0.112003] .... node  #0, CPUs:      #1
[    0.004000] kvm-clock: cpu 1, msr 0:3ff44041, secondary cpu clock
[    0.004000] mce: CPU supports 0 MCE banks
[    0.139118] smp: Brought up 1 node, 2 CPUs
[    0.140007] smpboot: Max logical packages: 1
[    0.144005] smpboot: Total of 2 processors activated (9215.99 BogoMIPS)
[    0.148156] devtmpfs: initiallzed
[    0.152130] x86/mm: Memory block size: 128MB
[    0.156294] evm: security.selinux
[    0.160011] evm: security.SMACK64
[    0.164007] evm: security.SMACK64EXEC
[    0.168005] evm: security.SMACK64TRANSMUTE
[    0.172006] evm: security.SMACK64MMAP
[    0.176003] evm: security.apparmor
[    0.180005] evm: security.ima
[    0.184007] evm: security.capability
[    0.188108] clocksource: jiffies: mask: 0xffffffff max_cycles: 0xffffffff, max_idle_ns: 7645041785100000 ns
[    0.192016] futex hash table entries: 512 (order: 3, 32768 bytes)
[    0.196080] pinctrl core: initialized pinctrl subsystem
[    0.201696] RTC time:  5:13:58, date: 10/31/18
[    0.208119] NET: Registered protocol family 16
[    0.212081] audit: initializing netlink subsys (disabled)
[    0.216045] audit: type=2000 audit(1540962824.858:1): state=initialized audit_enabled=0 res=1
[    0.276014] cpuidle: using governor ladder
[    0.280018] cpuidle: using governor menu
[    0.284056] ACPI: bus type PCI registered
[    0.288008] acpiphp: ACPI Hot Plug PCI Controller Driver version: 0.5
[    0.292134] PCI: Using configuration type 1 for base access
[    0.297042] HugeTLB registered 2.00 MiB page size, pre-allocated 0 pages
[    0.300089] ACPI: Added _OSI(Module Device)
[    0.304009] ACPI: Added _OSI(Processor Device)
[    0.308011] ACPI: Added _OSI(3.0 _SCP Extensions)
[    0.312008] ACPI: Added _OSI(Processor Aggregator Device)
[    0.316012] ACPI: Added _OSI(Linux-Dell-Video)
[    0.320007] ACPI: Added _OSI(Linux-Lenovo-NV-HDMI-Audio)
[    0.321653] ACPI: Executed 1 blocks of module-level executable AML code
[    0.330749] ACPI: Interpreter enabled
[    0.332025] ACPI: (supports S0 S5)
[    0.336008] ACPI: Using IOAPIC for interrupt routing
[    0.340239] PCI: Using host bridge windows from ACPI; if necessary, use "pci=nocrs" and report a bug
[    0.344201] ACPI: Enabled 2 GPEs in block 00 to 07
[    0.355934] ACPI: PCI Root Bridge [PCI0] (domain 0000 [bus 00-ff])
[    0.356022] acpi PNP0A03:00: _OSC: OS supports [ASPM ClockPM Segments MSI]
[    0.360054] acpi PNP0A03:00: _OSC: not requesting OS control; OS requires [ExtendedConfig ASPM ClockPM MSI]
[    0.364024] acpi PNP0A03:00: fail to add MMCONFIG information, can't access extended PCI configuration space under this bridge.
[    0.369078] PCI host bridge to bus 0000:00
[    0.372010] pci_bus 0000:00: root bus resource [io  0x0000-0x0cf7 window]
[    0.376008] pci_bus 0000:00: root bus resource [io  0x0d00-0xffff window]
[    0.380011] pci_bus 0000:00: root bus resource [mem 0x000a0000-0x000bffff window]
[    0.384009] pci_bus 0000:00: root bus resource [mem 0x40000000-0xfdffffff window]
[    0.388009] pci_bus 0000:00: root bus resource [bus 00-ff]
[    0.396503] pci 0000:00:01.1: legacy IDE quirk: reg 0x10: [io  0x01f0-0x01f7]
[    0.400010] pci 0000:00:01.1: legacy IDE quirk: reg 0x14: [io  0x03f6]
[    0.404011] pci 0000:00:01.1: legacy IDE quirk: reg 0x18: [io  0x0170-0x0177]
[    0.408010] pci 0000:00:01.1: legacy IDE quirk: reg 0x1c: [io  0x0376]
[    0.430020] pci 0000:00:07.0: quirk: [io  0x4000-0x403f] claimed by PIIX4 ACPI
[    0.432030] pci 0000:00:07.0: quirk: [io  0x4100-0x410f] claimed by PIIX4 SMB
[    0.449833] ACPI: PCI Interrupt Link [LNKA] (IRQs 5 9 10 *11)
[    0.452343] ACPI: PCI Interrupt Link [LNKB] (IRQs 5 9 *10 11)
[    0.456266] ACPI: PCI Interrupt Link [LNKC] (IRQs 5 *9 10 11)
[    0.460156] ACPI: PCI Interrupt Link [LNKD] (IRQs 5 9 10 *11)
[    0.464533] SCSI subsystem initialized
[    0.468069] pci 0000:00:02.0: vgaarb: setting as boot VGA device
[    0.472000] pci 0000:00:02.0: vgaarb: VGA device added: decodes=io+mem,owns=io+mem,locks=none
[    0.472011] pci 0000:00:02.0: vgaarb: bridge control possible
[    0.476006] vgaarb: loaded
[    0.480053] ACPI: bus type USB registered
[    0.484043] usbcore: registered new interface driver usbfs
[    0.488057] usbcore: registered new interface driver hub
[    0.492045] usbcore: registered new device driver usb
[    0.500110] EDAC MC: Ver: 3.0.0
[    0.504298] PCI: Using ACPI for IRQ routing
[    0.508333] NetLabel: Initializing
[    0.512006] NetLabel:  domain hash size = 128
[    0.516006] NetLabel:  protocols = UNLABELED CIPSOv4 CALIPSO
[    0.520029] NetLabel:  unlabeled traffic allowed by default
[    0.524072] clocksource: Switched to clocksource kvm-clock
[    0.5972]FS: Disk quotas dquot_6.6.0
[    0.709583] VFS: Dquot-cach hh blenie 5 (de0,4096yts)
[    1.205088 AArr:ApArr lestm abd[   6990pn PP CP iit
[    0886] pnp: PnP ACPI: found 3 devices

[    2.193 cckur: pim:ask: 0xffffff max_cycles: 0xffffff, max_idle_: 8510 n
[   7756] T:egted otolamily
[   3.086]CPstliedastae trs:19(oer4,656 te
[   .091775TCP inha tleentes 82 rd:  107 bte
    4.7571TC Hh bl configre (stablied 819 bd 92

[    .353 U hh blenri: 12orer2,63 bes
[  61080] DP-ite hshab eri: 2 rd:  184yt)  6.20] T:egted rocofamiy 
[   72924pc00:000: mingirt I/PCI transfers
[  7312]ci00:00:010: Acvati I D hg wrkrond
[  85139pc00:002: dedeceitshdod ROMt [mm x0c00-00ff]
[    9.510027] Unpacking initrafs..
[    9.853333] Freeing initrd memory: 19508K
[    9.936404] platform rtc_cmos: registered platform RTC device (no PNP device found)
[   10.106020] Scanning for low memory corruption every 60 seconds
[   10.250384] Initialise system trusted keyrings
[   10.328555] Key type blacklist registered
[   10.388454] workingset: timestamp_bits=36 max_order=18 bucket_order=0
[   10.476872] zbud: loaded
[   10.531477] squashfs: version 4.0 (2009/01/31) Phillip Lougher
[   10.586256] fuse init (API version 7.26)
[   10.666683] Key type asymmetric registered
[   10.701116] Asymmetric key parser 'x509' registered
[   10.772374] Block layer SCSI generic (bsg) driver version 0.4 loaded (major 246)
[   10.882347] io scheduler noop registered
[   10.958083] io scheduler deadline registered
[   11.044604] tsc: Refined TSC clocksource calibration: 2303.287 MHz
[   11.044725] io scheduler cfq registered (default)
[   11.199374] clocksource: tsc: mask: 0xffffffffffffffff max_cycles: 0x21335643cb6, max_idle_ns: 440795265832 ns
[   11.231440] ACPI: AC Adapter [AC] (on-line)
[   11.283457] input: Power Button as /devices/LNXSYSTM:00/LNXPWRBN:00/input/input0
[   11.402517] ACPI: Power Button [PWRF]
[   11.441537] input: Sleep Button as /devices/LNXSYSTM:00/LNXSLPBN:00/input/input1
[   11.543768] ACPI: Sleep Button [SLPF]
[   11.622996] Serial: 8250/16550 driver, 32 ports, IRQ sharing enabled
[   11.624089] ACPI: Battery Slot [BAT0] (battery present)
[   11.662088] 00:02: ttyS0 at I/O 0x3f8 (irq = 4, base_baud = 115200) is a 16550A
[   11.674256] Linux agpgart interface v0.103
[   11.683623] loop: module loaded
[   11.693342] scsi host0: ata_piix
[   11.700049] scsi host1: ata_piix
[   11.703299] ata1: PATA max UDMA/33 cmd 0x1f0 ctl 0x3f6 bmdma 0xd000 irq 14
[   11.716101] ata2: PATA max UDMA/33 cmd 0x170 ctl 0x376 bmdma 0xd008 irq 15
[   11.723304] libphy: Fixed MDIO Bus: probed
[   11.728740] tun: Universal TUN/TAP device driver, 1.6
[   11.733716] PPP generic driver version 2.4.2
[   11.737970] ehci_hcd: USB 2.0 'Enhanced' Host Controller (EHCI) Driver
[   11.769992] ehci-pci: EHCI PCI platform driver
[   11.811026] ehci-platform: EHCI generic platform driver
[   11.826599] ohci_hcd: USB 1.1 'Open' Host Controller (OHCI) Driver
[   11.861933] ohci-pci: OHCI PCI platform driver
[   11.896000] ohci-platform: OHCI generic platform driver
[   11.924017] uhci_hcd: USB Universal Host Controller Interface driver
[   11.943166] i8042: PNP: PS/2 Controller [PNP0303:PS2K,PNP0f03:PS2M] at 0x60,0x64 irq 1,12
[   11.977532] serio: i8042 KBD port at 0x60,0x64 irq 1
[   12.023801] serio: i8042 AUX port at 0x60,0x64 irq 12
[   12.025262] mousedev: PS/2 mouse device common for all mice
[   12.027032] input: AT Translated Set 2 keyboard as /devices/platform/i8042/serio0/input/input2
[   12.045301] rtc_cmos rtc_cmos: rtc core: registered rtc_cmos as rtc0
[   12.085904] rtc_cmos rtc_cmos: alarms up to one day, 114 bytes nvram
[   12.19290] i2c /dev entries driver
[   12.285862] pcie_mp2_amd: AMD(R) PCI-E MP2 Communication Driver Version: 1.0
[   12.360417] device-mapper: uevent: version 1.0.3
[   12.444714] device-mapper: ioctl: 4.37.0-ioctl (2017-09-20) initialised: dm-devel@redhat.com
[   12.581002] ledtrig-cpu: registered to indicate activity on CPUs
[   12.677024] NET: Registered protocol family 10
[   12.721066] Segment Routing with IPv6
[   12.780890] NET: Registered protocol family 17
[   12.836443] Key type dns_resolver registered
[   12.900884] RAS: Correctable Errors collector initialized.
[   12.957927] sched_clock: Marking stable (12957900231, 0)->(37402237348, -24444337117)
[   13.086809] registered taskstats version 1
[   13.189198] Loading compiled-in X.509 certificates
[   13.219127] Loaded X.509 cert 'Build time autogenerated kernel key: fcd93cd0852f7ae1da10896371e06e3c19479c00'
[   13.242434] zswap: loaded using pool lzo/zbud
[   13.302272] Key type big_key registered
[   13.374111] Key type trusted registered
[   13.413789] Key type encrypted registered
[   13.446338] AppArmor: AppArmor sha1 policy hashing enabled
[   13.472978] ima: No TPM chip found, activating TPM-bypass! (rc=-19)
[   13.499787] ima: Allocated hash algorithm: sha1
[   13.532743] evm: HMAC attrs: 0x1
[   13.576150]   Magic number: 6:52:215
[   13.581566] event_source software: hash matches
[   13.588452] rtc_cmos rtc_cmos: setting system clock to 2018-10-31 05:14:15 UTC (1540962855)
[   13.614305] BIOS EDD facility v0.16 2004-Jun-25, 0 devices found
[   13.649359] EDD information not available.
[   13.653126] Freeing unused kernel memory: 2408K
[   13.736327] Write protecting the kernel read-only data: 20480k
[   13.777734] Freeing unused kernel memory: 2008K
[   14.758342] Freeing unused kernel memory: 1896K
[   15.673390] x86/mm: Checked W+X mappings: passed, no W+X pages found.
[   17.185852] x86/mm: Checking user space page tables
[   17.199145] x86/mm: Checked W+X mappings: passed, no W+X pages found.
Loading, please wait...
starting version 237
[   18.491424] e1000: Intel(R) PRO/1000 Network Driver - version 7.3.21-k8-NAPI
[   18.558234] e1000: Copyright (c) 1999-2006 Intel Corporation.
[   18.624845] Fusion MPT base driver 3.04.20
[   18.678480] Copyright (c) 1999-2008 LSI Corporation
[   18.685423] Fusion MPT SPI Host driver 3.04.20
[   18.691048] AVX2 version of gcm_enc/dec engaged.
[   18.699001] AES CTR mode by8 optimization enabled
[   18.893108] input: ImExPS/2 Generic Explorer Mouse as /devices/platform/i8042/serio1/input/input4
[   19.078676] e1000 0000:00:03.0 eth0: (PCI:33MHz:32-bit) 02:79:13:0a:8c:39
[   19.148530] e1000 0000:00:03.0 eth0: Intel(R) PRO/1000 Network Connection
[   19.573008] e1000 0000:00:08.0 eth1: (PCI:33MHz:32-bit) 08:00:27:62:fa:39
[   19.640173] e1000 0000:00:08.0 eth1: Intel(R) PRO/1000 Network Connection
[   19.677889] e1000 0000:00:03.0 enp0s3: renamed from eth0
[   19.685421] mptbase: ioc0: Initiating bringup
[   19.740989] e1000 0000:00:08.0 enp0s8: renamed from eth1
[   19.916182] ioc0: LSI53C1030 A0: Capabilities={Initiator}
[   21.768346] scsi host2: ioc0: LSI53C1030 A0, FwRev=00000000h, Ports=1, MaxQ=256, IRQ=20
[   23.258248] scsi 2:0:0:0: Direct-Access     VBOX     HARDDISK         1.0  PQ: 0 ANSI: 5
[   23.352273] scsi target2:0:0: Beginning Domain Validation
[   23.478773] scsi target2:0:0: Domain Validation skipping write tests
[   23.792617] scsi target2:0:0: Ending Domain Validation
[   23.842661] scsi target2:0:0: asynchronous
[   23.844060] scsi 2:0:1:0: Direct-Access     VBOX     HARDDISK         1.0  PQ: 0 ANSI: 5
[   24.105823] scsi target2:0:1: Beginning Domain Validation
[   24.748798] random: fast init done
[   24.806861] scsi target2:0:1: Domain Validation skipping write tests
[   24.818041] scsi target2:0:1: Ending Domain Validation
[   24.909762] scsi target2:0:1: asynchronous
[   25.680982] random: systemd-udevd: uninitialized urandom read (16 bytes read)
[   25.681128] sd 2:0:0:0: Attached scsi generic sg0 type 0
[   25.681231] sd 2:0:0:0: [sda] 20971520 512-byte logical blocks: (10.7 GB/10.0 GiB)
[   25.681293] sd 2:0:0:0: [sda] Write Protect is off
[   25.681400] sd 2:0:0:0: [sda] Incomplete mode parameter data
[   25.681401] sd 2:0:0:0: [sda] Assuming drive cache: write through
[   25.682854] sd 2:0:1:0: Attached scsi generic sg1 type 0
[   25.683442] sd 2:0:1:0: [sdb] 20480 512-byte logical blocks: (10.5 MB/10.0 MiB)
[   25.683494] sd 2:0:1:0: [sdb] Write Protect is off
[   25.683716] sd 2:0:1:0: [sdb] Incomplete mode parameter data
[   25.683718] sd 2:0:1:0: [sdb] Assuming drive cache: write through
[   25.684945]  sda: sda1
[   25.685505] sd 2:0:0:0: [sda] Attached SCSI disk
[   25.686486] sd 2:0:1:0: [sdb] Attached SCSI disk
[   26.388104] random: systemd-udevd: uninitialized urandom read (16 bytes read)
[   26.489759] random: systemd-udevd: uninitialized urandom read (16 bytes read)
Begin: Loading essential drivers ... [   27.932236] raid6: sse2x1   gen() 12265 MB/s
[   28.060596] raid6: sse2x1   xor()  8967 MB/s
[   28.208788] raid6: sse2x2   gen() 13686 MB/s
[   28.352258] raid6: sse2x2   xor()  6385 MB/s
[   28.464272] raid6: sse2x4   gen() 16360 MB/s
[   28.588192] raid6: sse2x4   xor()  9682 MB/s
[   28.724165] raid6: avx2x1   gen() 22987 MB/s
[   28.864024] raid6: avx2x1   xor() 16912 MB/s
[   29.012296] raid6: avx2x2   gen() 29857 MB/s
[   29.140563] raid6: avx2x2   xor() 17950 MB/s
[   29.260070] raid6: avx2x4   gen() 31311 MB/s
[   29.396153] raid6: avx2x4   xor() 20947 MB/s
[   29.433336] raid6: using algorithm avx2x4 gen() 31311 MB/s
[   29.489375] raid6: .... xor() 20947 MB/s, rmw enabled
[   29.506711] raid6: using avx2x2 recovery algorithm
[   29.547789] xor: automatically using best checksumming function   avx       
[   29.588417] async_tx: api initialized (async)
done.
Begin: Running /scripts/init-pre[   29.667154] Btrfs loaded, crc32c=crc32c-intel
mount ... done.
Begin: Mounting root file system ... Begin: Run[   29.756763] EXT4-fs (sda1): mounted filesystem with ordered data mode. Opts: (null)
ning /scripts/local-top ... done.
Begin: Running /scripts/local-premount ... Scanning for Btrfs filesystems
done.
Warning: fsck not present, so skipping root file system
done.
Begin: Running /scripts/local-bottom ... done.
Begin: Running /scripts/init-bottom ... done.
[   30.075557] ip_tables: (C) 2000-2006 Netfilter Core Team
[   30.181557] systemd[1]: systemd 237 running in system mode. (+PAM +AUDIT +SELINUX +IMA +APPARMOR +SMACK +SYSVINIT +UTMP +LIBCRYPTSETUP +GCRYPT +GNUTLS +ACL +XZ +LZ4 +SECCOMP +BLKID +ELFUTILS +KMOD -IDN2 +IDN -PCRE2 default-hierarchy=hybrid)
[   30.361990] systemd[1]: Detected virtualization oracle.
[   30.377084] systemd[1]: Detected architecture x86-64.

Welcome to [1mUbuntu 18.04.1 LTS[0m!

[   30.609158] systemd[1]: Set hostname to <ubuntu-bionic>.
[   30.977534] systemd[1]: Reached target Swap.
[[0;32m  OK  [0m] Reached target Swap.
[   32.174656] systemd[1]: Created slice User and Session Slice.
[[0;32m  OK  [0m] Created slice User and Session Slice.
[   33.300352] systemd[1]: Started Forward Password Requests to Wall Directory Watch.
[[0;32m  OK  [0m] Started Forward Password Requests to Wall Directory Watch.
[   35.153442] systemd[1]: Reached target User and Group Name Lookups.
[[0;32m  OK  [0m] Reached target User and Group Name Lookups.
[   36.484656] systemd[1]: Reached target System Time Synchronized.
[[0;32m  OK  [0m] Reached target System Time Synchronized.
[   37.865591] systemd[1]: Set up automount Arbitrary Executable File Formats File System Automount Point.
[[0;32m  OK  [0m] Set up automount Arbitrary Executab…rmats File System Automount Point.
[   38.092724] systemd[1]: Created slice System Slice.
[[0;32m  OK  [0m] Created slice System Slice.
[   38.252721] systemd[1]: Listening on Journal Audit Socket.
[[0;32m  OK  [0m] Listening on Journal Audit Socket.
[   38.376791] systemd[1]: Listening on Network Service Netlink Socket.
[[0;32m  OK  [0m] Listening on Network Service Netlink Socket.
[   38.465549] systemd[1]: Listening on udev Kernel Socket.
[[0;32m  OK  [0m] Listening on udev Kernel Socket.
[   38.616402] systemd[1]: Listening on Syslog Socket.
[[0;32m  OK  [0m] Listening on Syslog Socket.
[   38.730082] systemd[1]: Created slice system-serial\x2dgetty.slice.
[[0;32m  OK  [0m] Created slice system-serial\x2dgetty.slice.
[   38.836921] systemd[1]: Listening on Journal Socket.
[[0;32m  OK  [0m] Listening on Journal Socket.
[   38.987077] systemd[1]: Mounting POSIX Message Queue File System...
         Mounting POSIX Message Queue File System...
         Mounting Kernel Debug File System...
         Starting Set the console keyboard layout...
         Starting Create list of required st…ce nodes for the current kernel...
[[0;32m  OK  [0m] Reached target Slices.
         Mounting Huge Pages File System...
[[0;32m  OK  [0m] Listening on Device-mapper event daemon FIFOs.
[[0;32m  OK  [0m] Listening on LVM2 poll daemon socket.
         Starting Uncompl[   39.440176] random: crng init done
icated firewall.[   40.210837] random: 7 urandom warning(s) missed due to ratelimiting
..
[   41.775920] systemd[1]: Starting Remount Root and Kernel File Systems...
[   41.787913] EXT4-fs (sda1): re-mounted. Opts: (null)
         Starting Remount Root and Kernel File Systems...
[   41.860741] systemd[1]: Listening on udev Control Socket.
[[0;32m  OK  [0m] Listening on udev Control Socket.
[   41.899659] systemd[1]: Starting udev Coldplug all Devices...
         Starting udev Coldplug all Devices...
[   41.917178] systemd[1]: Listening on /dev/initctl Compatibility Named Pipe.
[[0;32m  OK  [0m] Listening on /dev/initctl Compatibility Named Pipe.
[   42.123185] systemd[1]: Starting Load Kernel Modules...
         Starting Load Kernel Modules...[   42.185945] Loading iSCSI transport class v2.0-870.

[   42.297487] systemd[1]: Listening on Journal Socket (/dev/log).
[[0;32m  OK  [0[   42.323142] iscsi: registered transport (tcp)
m] Listening on Journal Socket (/dev/log).
[   43.380723] iscsi: registered transport (iser)
[   44.230706] systemd[1]: Starting Journal Service...
         Starting Journal Service...
[   44.242319] systemd[1]: Listening on LVM2 metadata daemon socket.
[[0;32m  OK  [0m] Listening on LVM2 metadata daemon socket.
[   44.297705] systemd[1]: Starting Monitoring of LVM2 mirrors, snapshots etc. using dmeventd or progress polling...
         Starting Monitoring of LVM2 mirrors…ng dmeventd or progress polling...
[   44.557573] systemd[1]: Started Journal Service.
[[0;32m  OK  [0m] Started Journal Service.
[[0;32m  OK  [0m] Mounted POSIX Message Queue File System.
[[0;32m  OK  [0m] Mounted Kernel Debug File System.
[[0;32m  OK  [0m] Started Set the console keyboard layout.
[[0;32m  OK  [0m] Started Create list of required sta…vice nodes for the current kernel.
[[0;32m  OK  [0m] Mounted Huge Pages File System.
[[0;32m  OK  [0m] Started Uncomplicated firewall.
[[0;32m  OK  [0m] Started Remount Root and Kernel File Systems.
[[0;32m  OK  [0m] Started Load Kernel Modules.
[[0;32m  OK  [0m] Started LVM2 metadata daemon.
         Mounting FUSE Control File System...
         Starting Apply Kernel Variables...
         Mounting Kernel Configuration File System...
         Starting Load/Save Random Seed...
         Starting Initial cloud-init job (pre-networking)...
         Starting Create Static Device Nodes in /dev...
         Starting Flush Journal to Persistent Storage...
[[0;32m  OK  [0m] Started Monitoring of LVM2 mirrors,…sing dmeventd or progress polling.
[[0;32m  OK  [0m] Started udev Coldplug all Devices.
[[0;32m  OK  [0m] Mounted FUSE Control File System.
[[0;32m  OK  [0m] Started Apply Kernel Variables.
[[0;32m  OK  [0m] Mounted Kernel Configuration File System.
[[0;32m  OK  [0m] Started Load/Save Random Seed.
[[0;32m  OK  [0m] Started Create Static Device Nodes in /dev.
         Starting udev Kernel Device Manager...
[[0;32m  OK  [0m] Reached target Local File Systems (Pre).
[[0;32m  OK  [0m] Reached target Local File Systems.
         Starting Tell Plymouth To Write Out Runtime Data...
         Starting AppArmor initialization...
         Starting ebtables ruleset management...
         Starting Set console font and keymap...
[[0;32m  OK  [0m] Started udev Kernel Device Manager.
[[0;32m  OK  [0m] Started Tell Plymouth To Write Out Runtime Data.
[[0;32m  OK  [0m] Started Set console font and keymap.
[[0;32m  OK  [0m] Started Dispatch Password Requests to Console Directory Watch.
[[0;32m  OK  [0m] Reached target Local Encrypted Volumes.
[[0;32m  OK  [0m] Started ebtables ruleset management.
[[0;32m  OK  [0m] Started Flush Journal to Persistent Storage.
[[0;32m  OK  [0m] Found device /dev/ttyS0.
         Starting Create Volatile Files and Directories...
[[0;32m  OK  [0m] Listening on Load/Save RF Kill Switch Status /dev/rfkill Watch.
[[0;32m  OK  [0m] Started Create Volatile Files and Directories.
[[0;32m  OK  [0m] Started AppArmor initialization.
         Starting Update UTMP about System Boot/Shutdown...
[[0;32m  OK  [0m] Started Update UTMP about System Boot/Shutdown.
[   47.196820] cloud-init[415]: Cloud-init v. 18.2 running 'init-local' at Wed, 31 Oct 2018 05:14:48 +0000. Up 46.87 seconds.
[[0;32m  OK  [0m] Started Initial cloud-init job (pre-networking).
[[0;32m  OK  [0m] Reached target Network (Pre).
         Starting Network Service...
[[0;32m  OK  [0m] Started Network Service.
         Starting Network Name Resolution...
         Starting Wait for Network to be Configured...
[[0;32m  OK  [0m] Started Network Name Resolution.
[[0;32m  OK  [0m] Reached target Host and Network Name Lookups.
[[0;32m  OK  [0m] Reached target Network.
[[0;32m  OK  [0m] Started Wait for Network to be Configured.
         Starting Initial cloud-init job (metadata service crawler)...
[   50.393443] cloud-init[659]: Cloud-init v. 18.2 running 'init' at Wed, 31 Oct 2018 05:14:51 +0000. Up 49.93 seconds.
[[0;32m  OK  [0m] Started Initial cloud-init job (metadata service crawler).
[[0;32m  OK  [0m] Reached target Cloud-config availability.
[   50.496009] cloud-init[659]: ci-info: ++++++++++++++++++++++++++++++++++++++Net device info+++++++++++++++++++++++++++++++++++++++
[   50.663587] cloud-init[659]: ci-info: +--------+------+-----------------------------+---------------+--------+-------------------+
[   50.720470] cloud-init[659]: ci-info: | Device |  Up  |           Address           |      Mask     | Scope  |     Hw-Address    |
[[0;32m  OK  [0m[   50.808361] cloud-init[659]: ci-info: +--------+------+-----------------------------+---------------+--------+-------------------+
[   50.808444] cloud-init[659]: ci-info: | enp0s3 | True |          10.0.2.15          | 255.255.255.0 | global | 02:79:13:0a:8c:39 |
[   50.808541] cloud-init[659]: ci-info: | enp0s3 | True |  fe80::79:13ff:fe0a:8c39/64 |       .       |  link  | 02:79:13:0a:8c:39 |
[   50.808614] cloud-init[659]: ci-info: | enp0s8 | True |        192.168.33.10        | 255.255.255.0 | global | 08:00:27:62:fa:39 |
[   50.808698] cloud-init[659]: ci-info: | enp0s8 | True | fe80::a00:27ff:fe62:fa39/64 |       .       |  link  | 08:00:27:62:fa:39 |
[   50.808766] cloud-init[659]: ci-info: |   lo   | True |          127.0.0.1          |   255.0.0.0   |  host  |         .         |
[   50.808832] cloud-init[659]: ci-info: |   lo   | True |           ::1/128           |       .       |  host  |         .         |
[   50.808939] cloud-init[659]: ci-info: +--------+------+-----------------------------+---------------+--------+-------------------+
[   50.808994] cloud-init[659]: ci-info: +++++++++++++++++++++++++++++Route IPv4 info+++++++++++++++++++++++++++++
[   50.809047] cloud-init[659]: ci-info: +-------+--------------+----------+-----------------+-----------+-------+
[   50.809104] cloud-init[659]: ci-info: | Route | Destination  | Gateway  |     Genmask     | Interface | Flags |
[   50.809163] cloud-init[659]: ci-info: +-------+--------------+----------+-----------------+-----------+-------+
[   50.809216] cloud-init[659]: ci-info: |   0   |   0.0.0.0    | 10.0.2.2 |     0.0.0.0     |   enp0s3  |   UG  |
[   50.809273] cloud-init[659]: ci-info: |   1   |   10.0.2.0   | 0.0.0.0  |  255.255.255.0  |   enp0s3  |   U   |
[   50.809327] cloud-init[659]: ci-info: |   2   |   10.0.2.2   | 0.0.0.0  | 255.255.255.255 |   enp0s3  |   UH  |
[   50.809384] cloud-init[659]: ci-info: |   3   | 192.168.33.0 | 0.0.0.0  |  255.255.255.0  |   enp0s8  |   U   |
[   50.809438] cloud-init[659]: ci-info: +-------+--------------+----------+-----------------+-----------+-------+
[   50.809490] cloud-init[659]: ci-info: +++++++++++++++++++Route IPv6 info+++++++++++++++++++
[   50.809617] cloud-init[659]: ci-info: +-------+-------------+---------+-----------+-------+
[   50.809677] cloud-init[659]: ci-info: | Route | Destination | Gateway | Interface | Flags |
[   50.809732] cloud-init[659]: ci-info: +-------+-------------+---------+-----------+-------+
[   50.809792] cloud-init[659]: ci-info: |   1   |  fe80::/64  |    ::   |   enp0s3  |   U   |
[   50.809861] cloud-init[659]: ci-info: |   2   |  fe80::/64  |    ::   |   enp0s8  |   U   |
[   50.809915] cloud-init[659]: ci-info: |   4   |    local    |    ::   |   enp0s3  |   U   |
[   50.809975] cloud-init[659]: ci-info: |   5   |    local    |    ::   |   enp0s8  |   U   |
[   50.810027] cloud-init[659]: ci-info: |   6   |   ff00::/8  |    ::   |   enp0s3  |   U   |
[   50.810157] cloud-init[659]: ci-info: |   7   |   ff00::/8  |    ::   |   enp0s8  |   U   |
[   50.810217] cloud-init[659]: ci-info: +-------+-------------+---------+-----------+-------+
] Reached target Network is Online.
         Starting iSCSI initiator daemon (iscsid)...
[[0;32m  OK  [0m] Reached target System Initialization.
[[0;32m  OK  [0m] Started Daily apt download activities.
[[0;32m  OK  [0m] Started Daily apt upgrade and clean activities.
[[0;32m  OK  [0m] Listening on D-Bus System Message Bus Socket.
[[0;32m  OK  [0m] Started ACPI Events Check.
[[0;32m  OK  [0m] Reached target Paths.
[[0;32m  OK  [0m] Started Discard unused blocks once a week.
         Starting Socket activation for snappy daemon.
         Starting LXD - unix socket.
[[0;32m  OK  [0m] Listening on ACPID Listen Socket.
[[0;32m  OK  [0m] Started Message of the Day.
[[0;32m  OK  [0m] Started Daily Cleanup of Temporary Directories.
[[0;32m  OK  [0m] Reached target Timers.
[[0;32m  OK  [0m] Listening on UUID daemon activation socket.
[[0;32m  OK  [0m] Listening on Socket activation for snappy daemon.
[[0;32m  OK  [0m] Listening on LXD - unix socket.
[[0;32m  OK  [0m] Started iSCSI initiator daemon (iscsid).
         Starting Availability of block devices...
[[0;32m  OK  [0m] Reached target Remote File Systems (Pre).
[[0;32m  OK  [0m] Reached target Remote File Systems.
[[0;32m  OK  [0m] Reached target Sockets.
[[0;32m  OK  [0m] Reached target Basic System.
[[0;32m  OK  [0m] Started Regular background program processing daemon.
         Starting Permit User Sessions...
         Starting Apply the settings specified in cloud-config...
[[0;32m  OK  [0m] Started D-Bus System Message Bus.
         Starting vboxadd.service...
         Starting LSB: Record successful boot for GRUB...
         Starting Dispatcher daemon for systemd-networkd...
         Starting Snappy daemon...
[[0;32m  OK  [0m] Started Unattended Upgrades Shutdown.
         Starting LSB: automatic crash report generation...
         Starting Login Service...
         Starting System Logging Service...
         Starting LXD - container startup/shutdown...
[[0;32m  OK  [0m] Started irqbalance daemon.
[[0;32m  OK  [0m] Started FUSE filesystem for LXC.
         Starting Accounts Service...
[[0;32m  OK  [0m] Started Deferred execution scheduler.
         Starting OpenBSD Secure Shell server...
[[0;32m  OK  [0m] Started System Logging Service.
[[0;32m  OK  [0m] Started Snappy daemon.
[[0;32m  OK  [0m] Started Availability of block devices.
[[0;32m  OK  [0m] Started Permit User Sessions.
[[0;32m  OK  [0m] Started Dispatcher daemon for systemd-networkd.
[[0;32m  OK  [0m] Started vboxadd.service.
[[0;32m  OK  [0m] Started LXD - container startup/shutdown.
[[0;32m  OK  [0m] Started Login Service.
         Starting Authorization Manager...
         Starting vboxadd-service.service...
         Starting Hold until boot process finishes up...
         Starting Terminate Plymouth Boot Screen...
         Starting Wait until snapd is fully seeded...
[[0;32m  OK  [0m] Started OpenBSD Secure Shell server.
[[0;32m  OK  [0m] Started LSB: Record successful boot for GRUB.
[[0;32m  OK  [0m] Started LSB: automatic crash report generation.
[[0;32m  OK  [0m] Started vboxadd-service.service.
[[0;32m  OK  [0m] Started Hold until boot process finishes up.
[[0;32m  OK  [0m] Started Terminate Plymouth Boot Screen.
[[0;32m  OK  [0m] Started Wait until snapd is fully seeded.
[[0;32m  OK  [0m] Started Authorization Manager.
[[0;32m  OK  [0m] Started Accounts Service.
[[0;32m  OK  [0m] Created slice User Slice of vagrant.
[[0;32m  OK  [0m] Started Serial Getty on ttyS0.
         Starting Set console scheme...
[[0;32m  OK  [0m] Started Set console scheme.
[[0;32m  OK  [0m] Started Session 1 of user vagrant.
[   55.496490] cloud-init[775]: Cloud-init v. 18.2 running 'modules:config' at Wed, 31 Oct 2018 05:14:57 +0000. Up 55.18 seconds.
[[0;32m  OK  [0m] Created slice system-getty.slice.
[[0;32m  OK  [0m] Started Getty on tty1.
[[0;32m  OK  [0m] Reached target Login Prompts.
[[0;32m  OK  [0m] Reached target Multi-User System.
[[0;32m  OK  [0m] Reached target Graphical Interface.
         Starting Update UTMP about System Runlevel Changes...
         Starting User Manager for UID 1000...
[[0;32m  OK  [0m] Started Apply the settings specified in cloud-config.
         Starting Execute cloud user/final scripts...
[[0;32m  OK  [0m] Started Update UTMP about System Runlevel Changes.
[[0;32m  OK  [0m] Started User Manager for UID 1000.
[   56.631808] cloud-init[1051]: Cloud-init v. 18.2 running 'modules:final' at Wed, 31 Oct 2018 05:14:58 +0000. Up 56.42 seconds.
[   56.676336] cloud-init[1051]: Cloud-init v. 18.2 finished at Wed, 31 Oct 2018 05:14:58 +0000. Datasource DataSourceNoCloud [seed=/dev/sdb][dsmode=net].  Up 56.62 seconds
[[0;32m  OK  [0m] Started Execute cloud user/final scripts.
         Starting Daily apt download activities...
[[0;32m  OK  [0m] Reached target Cloud-init target.
[[0;32m  OK  [0m] Stopped Wait for Network to be Configured.
         Stopping Network Service...
         Starting Network Service...
[[0;32m  OK  [0m] Started Network Service.
         Stopping User Manager for UID 1000...
[[0;32m  OK  [0m] Stopped User Manager for UID 1000.
[[0;32m  OK  [0m] Removed slice User Slice of vagrant.

Ubuntu 18.04.1 LTS ubuntu-bionic ttyS0

ubuntu-bionic login: 